Tue Aug 22 2023 1:5:20 } [PH] error: 🐱‍🏍 globalErrorHandler ~~ 
Invalid `prisma.user.update()` invocation:

{
  where: {
    id: "296dc306-bcb6-4d3d-be9b-3e9468b7de1c"
  },
  data: {
    userId: "296dc306-bcb6-4d3d-be9b-3e9468b7de1c",
    ~~~~~~
    firstName: "John",
    lastName: "Doe",
?   id?: String | StringFieldUpdateOperationsInput,
?   email?: String | StringFieldUpdateOperationsInput,
?   password?: String | StringFieldUpdateOperationsInput,
?   fullName?: String | StringFieldUpdateOperationsInput,
?   userType?: UserType | EnumUserTypeFieldUpdateOperationsInput,
?   createdAt?: DateTime | DateTimeFieldUpdateOperationsInput,
?   updatedAt?: DateTime | DateTimeFieldUpdateOperationsInput,
?   savedJob?: SavedJobUpdateManyWithoutUserNestedInput,
?   application?: ApplicationUpdateManyWithoutUserNestedInput,
?   employee?: EmployeeUpdateManyWithoutUserNestedInput,
?   candidate?: CandidateUpdateManyWithoutUserNestedInput
  }
}

Unknown argument `userId`. Available options are listed in green.
Tue Aug 22 2023 1:6:10 } [PH] error: 🐱‍🏍 globalErrorHandler ~~ 
Invalid `prisma.user.update()` invocation:

{
  where: {
    id: "296dc306-bcb6-4d3d-be9b-3e9468b7de1c"
  },
  data: {
    firstName: "John",
    ~~~~~~~~~
    lastName: "Doe",
?   id?: String | StringFieldUpdateOperationsInput,
?   email?: String | StringFieldUpdateOperationsInput,
?   password?: String | StringFieldUpdateOperationsInput,
?   fullName?: String | StringFieldUpdateOperationsInput,
?   userType?: UserType | EnumUserTypeFieldUpdateOperationsInput,
?   createdAt?: DateTime | DateTimeFieldUpdateOperationsInput,
?   updatedAt?: DateTime | DateTimeFieldUpdateOperationsInput,
?   savedJob?: SavedJobUpdateManyWithoutUserNestedInput,
?   application?: ApplicationUpdateManyWithoutUserNestedInput,
?   employee?: EmployeeUpdateManyWithoutUserNestedInput,
?   candidate?: CandidateUpdateManyWithoutUserNestedInput
  }
}

Unknown argument `firstName`. Available options are listed in green.
