Tue Aug 22 2023 18:4:5 } [PH] error: 🐱‍🏍 globalErrorHandler ~~ 
Invalid `prisma.candidate.update()` invocation:

{
  where: {
    id: "f2c076be-101a-45f0-9b87-b919f663d832"
  },
  data: {
    tradeLicenseNumber: "nei",
    ~~~~~~~~~~~~~~~~~~
    companyLogo: "ase",
    address: "dibona",
?   id?: String | StringFieldUpdateOperationsInput,
?   firstName?: String | StringFieldUpdateOperationsInput,
?   lastName?: String | StringFieldUpdateOperationsInput,
?   gender?: String | NullableStringFieldUpdateOperationsInput | Null,
?   nidNumber?: String | NullableStringFieldUpdateOperationsInput | Null,
?   mobileNumber?: String | NullableStringFieldUpdateOperationsInput | Null,
?   email?: String | StringFieldUpdateOperationsInput,
?   password?: String | StringFieldUpdateOperationsInput,
?   role?: UserType | EnumUserTypeFieldUpdateOperationsInput,
?   portfolioUrl?: String | NullableStringFieldUpdateOperationsInput | Null,
?   facebookUrl?: String | NullableStringFieldUpdateOperationsInput | Null,
?   linkedinUrl?: String | NullableStringFieldUpdateOperationsInput | Null,
?   jobType?: String | NullableStringFieldUpdateOperationsInput | Null,
?   presentAddress?: String | NullableStringFieldUpdateOperationsInput | Null,
?   permanentAddress?: String | NullableStringFieldUpdateOperationsInput | Null,
?   careerObjective?: String | NullableStringFieldUpdateOperationsInput | Null,
?   createdAt?: DateTime | DateTimeFieldUpdateOperationsInput,
?   updatedAt?: DateTime | DateTimeFieldUpdateOperationsInput,
?   educations?: String | NullableStringFieldUpdateOperationsInput | Null,
?   experience?: String | NullableStringFieldUpdateOperationsInput | Null,
?   Application?: ApplicationUpdateManyWithoutCandidateNestedInput,
?   SavedJob?: SavedJobUpdateManyWithoutCandidateNestedInput
  }
}

Unknown argument `tradeLicenseNumber`. Available options are listed in green.
Tue Aug 22 2023 18:5:2 } [PH] error: 🐱‍🏍 globalErrorHandler ~~ 
Invalid `prisma.candidate.update()` invocation:

{
  where: {
    id: "f2c076be-101a-45f0-9b87-b919f663d832"
  },
  data: {
    tradeLicenseNumber: "124515",
    ~~~~~~~~~~~~~~~~~~
    companyLogo: "ase",
    address: "dibona",
?   id?: String | StringFieldUpdateOperationsInput,
?   firstName?: String | StringFieldUpdateOperationsInput,
?   lastName?: String | StringFieldUpdateOperationsInput,
?   gender?: String | NullableStringFieldUpdateOperationsInput | Null,
?   nidNumber?: String | NullableStringFieldUpdateOperationsInput | Null,
?   mobileNumber?: String | NullableStringFieldUpdateOperationsInput | Null,
?   email?: String | StringFieldUpdateOperationsInput,
?   password?: String | StringFieldUpdateOperationsInput,
?   role?: UserType | EnumUserTypeFieldUpdateOperationsInput,
?   portfolioUrl?: String | NullableStringFieldUpdateOperationsInput | Null,
?   facebookUrl?: String | NullableStringFieldUpdateOperationsInput | Null,
?   linkedinUrl?: String | NullableStringFieldUpdateOperationsInput | Null,
?   jobType?: String | NullableStringFieldUpdateOperationsInput | Null,
?   presentAddress?: String | NullableStringFieldUpdateOperationsInput | Null,
?   permanentAddress?: String | NullableStringFieldUpdateOperationsInput | Null,
?   careerObjective?: String | NullableStringFieldUpdateOperationsInput | Null,
?   createdAt?: DateTime | DateTimeFieldUpdateOperationsInput,
?   updatedAt?: DateTime | DateTimeFieldUpdateOperationsInput,
?   educations?: String | NullableStringFieldUpdateOperationsInput | Null,
?   experience?: String | NullableStringFieldUpdateOperationsInput | Null,
?   Application?: ApplicationUpdateManyWithoutCandidateNestedInput,
?   SavedJob?: SavedJobUpdateManyWithoutCandidateNestedInput
  }
}

Unknown argument `tradeLicenseNumber`. Available options are listed in green.
Tue Aug 22 2023 18:6:0 } [PH] error: 🐱‍🏍 globalErrorHandler ~~ 
Invalid `prisma.candidate.update()` invocation:

{
  where: {
    id: "f2c076be-101a-45f0-9b87-b919f663d832"
  },
  data: {
    companyLogo: "ase",
    ~~~~~~~~~~~
    address: "dibona",
?   id?: String | StringFieldUpdateOperationsInput,
?   firstName?: String | StringFieldUpdateOperationsInput,
?   lastName?: String | StringFieldUpdateOperationsInput,
?   gender?: String | NullableStringFieldUpdateOperationsInput | Null,
?   nidNumber?: String | NullableStringFieldUpdateOperationsInput | Null,
?   mobileNumber?: String | NullableStringFieldUpdateOperationsInput | Null,
?   email?: String | StringFieldUpdateOperationsInput,
?   password?: String | StringFieldUpdateOperationsInput,
?   role?: UserType | EnumUserTypeFieldUpdateOperationsInput,
?   portfolioUrl?: String | NullableStringFieldUpdateOperationsInput | Null,
?   facebookUrl?: String | NullableStringFieldUpdateOperationsInput | Null,
?   linkedinUrl?: String | NullableStringFieldUpdateOperationsInput | Null,
?   jobType?: String | NullableStringFieldUpdateOperationsInput | Null,
?   presentAddress?: String | NullableStringFieldUpdateOperationsInput | Null,
?   permanentAddress?: String | NullableStringFieldUpdateOperationsInput | Null,
?   careerObjective?: String | NullableStringFieldUpdateOperationsInput | Null,
?   createdAt?: DateTime | DateTimeFieldUpdateOperationsInput,
?   updatedAt?: DateTime | DateTimeFieldUpdateOperationsInput,
?   educations?: String | NullableStringFieldUpdateOperationsInput | Null,
?   experience?: String | NullableStringFieldUpdateOperationsInput | Null,
?   Application?: ApplicationUpdateManyWithoutCandidateNestedInput,
?   SavedJob?: SavedJobUpdateManyWithoutCandidateNestedInput
  }
}

Unknown argument `companyLogo`. Available options are listed in green.
