Tue Aug 22 2023 20:4:44 } [PH] error: 🐱‍🏍 globalErrorHandler ~~ 
Invalid `prisma.job.findUnique()` invocation:


Can't reach database server at `containers-us-west-202.railway.app`:`6594`

Please make sure your database server is running at `containers-us-west-202.railway.app`:`6594`.
Tue Aug 22 2023 20:5:41 } [PH] error: 🐱‍🏍 globalErrorHandler ~~ 
Invalid `prisma.candidate.update()` invocation:

{
  where: {
    id: "34772189-e1e9-47d4-b8d5-afcfa42a03c1"
  },
  data: {
    companyName: "Bolbiona",
    ~~~~~~~~~~~
?   id?: String | StringFieldUpdateOperationsInput,
?   firstName?: String | StringFieldUpdateOperationsInput,
?   lastName?: String | StringFieldUpdateOperationsInput,
?   gender?: String | NullableStringFieldUpdateOperationsInput | Null,
?   nidNumber?: String | NullableStringFieldUpdateOperationsInput | Null,
?   mobileNumber?: String | NullableStringFieldUpdateOperationsInput | Null,
?   email?: String | StringFieldUpdateOperationsInput,
?   password?: String | StringFieldUpdateOperationsInput,
?   role?: UserType | EnumUserTypeFieldUpdateOperationsInput,
?   portfolioUrl?: String | NullableStringFieldUpdateOperationsInput | Null,
?   facebookUrl?: String | NullableStringFieldUpdateOperationsInput | Null,
?   linkedinUrl?: String | NullableStringFieldUpdateOperationsInput | Null,
?   jobType?: String | NullableStringFieldUpdateOperationsInput | Null,
?   presentAddress?: String | NullableStringFieldUpdateOperationsInput | Null,
?   permanentAddress?: String | NullableStringFieldUpdateOperationsInput | Null,
?   careerObjective?: String | NullableStringFieldUpdateOperationsInput | Null,
?   createdAt?: DateTime | DateTimeFieldUpdateOperationsInput,
?   updatedAt?: DateTime | DateTimeFieldUpdateOperationsInput,
?   educations?: String | NullableStringFieldUpdateOperationsInput | Null,
?   experience?: String | NullableStringFieldUpdateOperationsInput | Null,
?   Application?: ApplicationUpdateManyWithoutCandidateNestedInput,
?   SavedJob?: SavedJobUpdateManyWithoutCandidateNestedInput
  }
}

Unknown argument `companyName`. Available options are listed in green.
Tue Aug 22 2023 20:6:37 } [PH] error: 🐱‍🏍 globalErrorHandler ~~ 
Invalid `prisma.candidate.update()` invocation:

{
  where: {
    id: "34772189-e1e9-47d4-b8d5-afcfa42a03c1"
  },
  data: {
    website: "dibona",
    ~~~~~~~
?   id?: String | StringFieldUpdateOperationsInput,
?   firstName?: String | StringFieldUpdateOperationsInput,
?   lastName?: String | StringFieldUpdateOperationsInput,
?   gender?: String | NullableStringFieldUpdateOperationsInput | Null,
?   nidNumber?: String | NullableStringFieldUpdateOperationsInput | Null,
?   mobileNumber?: String | NullableStringFieldUpdateOperationsInput | Null,
?   email?: String | StringFieldUpdateOperationsInput,
?   password?: String | StringFieldUpdateOperationsInput,
?   role?: UserType | EnumUserTypeFieldUpdateOperationsInput,
?   portfolioUrl?: String | NullableStringFieldUpdateOperationsInput | Null,
?   facebookUrl?: String | NullableStringFieldUpdateOperationsInput | Null,
?   linkedinUrl?: String | NullableStringFieldUpdateOperationsInput | Null,
?   jobType?: String | NullableStringFieldUpdateOperationsInput | Null,
?   presentAddress?: String | NullableStringFieldUpdateOperationsInput | Null,
?   permanentAddress?: String | NullableStringFieldUpdateOperationsInput | Null,
?   careerObjective?: String | NullableStringFieldUpdateOperationsInput | Null,
?   createdAt?: DateTime | DateTimeFieldUpdateOperationsInput,
?   updatedAt?: DateTime | DateTimeFieldUpdateOperationsInput,
?   educations?: String | NullableStringFieldUpdateOperationsInput | Null,
?   experience?: String | NullableStringFieldUpdateOperationsInput | Null,
?   Application?: ApplicationUpdateManyWithoutCandidateNestedInput,
?   SavedJob?: SavedJobUpdateManyWithoutCandidateNestedInput
  }
}

Unknown argument `website`. Available options are listed in green.
Tue Aug 22 2023 20:7:51 } [PH] error: 🐱‍🏍 globalErrorHandler ~~ 
Invalid `prisma.employee.findUnique()` invocation:

{
  where: {
    id: undefined,
?   email?: String,
?   password?: String,
?   AND?: EmployeeWhereInput | EmployeeWhereInput[],
?   OR?: EmployeeWhereInput[],
?   NOT?: EmployeeWhereInput | EmployeeWhereInput[],
?   companyName?: StringFilter | String,
?   phoneNumber?: StringNullableFilter | String | Null,
?   role?: EnumUserTypeFilter | UserType,
?   website?: StringNullableFilter | String | Null,
?   facebookUrl?: StringNullableFilter | String | Null,
?   twitterUrl?: StringNullableFilter | String | Null,
?   linkedinUrl?: StringNullableFilter | String | Null,
?   companySize?: StringNullableFilter | String | Null,
?   tin?: StringNullableFilter | String | Null,
?   tradeLicenseNumber?: StringNullableFilter | String | Null,
?   companyLogo?: StringNullableFilter | String | Null,
?   address?: StringNullableFilter | String | Null,
?   description?: StringNullableFilter | String | Null,
?   recruiterName?: StringNullableFilter | String | Null,
?   recruiterDesignation?: StringNullableFilter | String | Null,
?   recruiterNumber?: StringNullableFilter | String | Null,
?   createdAt?: DateTimeFilter | DateTime,
?   updatedAt?: DateTimeFilter | DateTime,
?   Job?: JobListRelationFilter
  }
}

Argument `where` of type EmployeeWhereUniqueInput needs at least one of `id`, `email` or `password` arguments. Available options are listed in green.
Tue Aug 22 2023 20:8:55 } [PH] error: 🐱‍🏍 globalErrorHandler ~~ 
Invalid `prisma.employee.findUnique()` invocation:

{
  where: {
    id: undefined,
?   email?: String,
?   password?: String,
?   AND?: EmployeeWhereInput | EmployeeWhereInput[],
?   OR?: EmployeeWhereInput[],
?   NOT?: EmployeeWhereInput | EmployeeWhereInput[],
?   companyName?: StringFilter | String,
?   phoneNumber?: StringNullableFilter | String | Null,
?   role?: EnumUserTypeFilter | UserType,
?   website?: StringNullableFilter | String | Null,
?   facebookUrl?: StringNullableFilter | String | Null,
?   twitterUrl?: StringNullableFilter | String | Null,
?   linkedinUrl?: StringNullableFilter | String | Null,
?   companySize?: StringNullableFilter | String | Null,
?   tin?: StringNullableFilter | String | Null,
?   tradeLicenseNumber?: StringNullableFilter | String | Null,
?   companyLogo?: StringNullableFilter | String | Null,
?   address?: StringNullableFilter | String | Null,
?   description?: StringNullableFilter | String | Null,
?   recruiterName?: StringNullableFilter | String | Null,
?   recruiterDesignation?: StringNullableFilter | String | Null,
?   recruiterNumber?: StringNullableFilter | String | Null,
?   createdAt?: DateTimeFilter | DateTime,
?   updatedAt?: DateTimeFilter | DateTime,
?   Job?: JobListRelationFilter
  }
}

Argument `where` of type EmployeeWhereUniqueInput needs at least one of `id`, `email` or `password` arguments. Available options are listed in green.
Tue Aug 22 2023 20:10:25 } [PH] error: 🐱‍🏍 globalErrorHandler ~~ 
Invalid `prisma.job.update()` invocation:

{
  where: {
    id: "34772189-e1e9-47d4-b8d5-afcfa42a03c1"
  },
  data: {
    website: "dibona",
    ~~~~~~~
?   id?: String | StringFieldUpdateOperationsInput,
?   title?: String | StringFieldUpdateOperationsInput,
?   positionSummery?: String | StringFieldUpdateOperationsInput,
?   jobResponsibilities?: String | StringFieldUpdateOperationsInput,
?   qualification?: String | StringFieldUpdateOperationsInput,
?   requiredSkill?: String | StringFieldUpdateOperationsInput,
?   education?: String | StringFieldUpdateOperationsInput,
?   benefits?: String | StringFieldUpdateOperationsInput,
?   location?: String | StringFieldUpdateOperationsInput,
?   companyName?: String | StringFieldUpdateOperationsInput,
?   salary?: String | StringFieldUpdateOperationsInput,
?   vacancy?: Int | IntFieldUpdateOperationsInput,
?   jobCategory?: String | StringFieldUpdateOperationsInput,
?   deadline?: String | StringFieldUpdateOperationsInput,
?   type?: String | StringFieldUpdateOperationsInput,
?   createdAt?: DateTime | DateTimeFieldUpdateOperationsInput,
?   updatedAt?: DateTime | DateTimeFieldUpdateOperationsInput,
?   employee?: EmployeeUpdateOneRequiredWithoutJobNestedInput,
?   Application?: ApplicationUpdateManyWithoutJobNestedInput,
?   SavedJob?: SavedJobUpdateManyWithoutJobNestedInput
  }
}

Unknown argument `website`. Available options are listed in green.
Tue Aug 22 2023 20:12:17 } [PH] error: 🐱‍🏍 globalErrorHandler ~~ 
Invalid `prisma.job.update()` invocation:

{
  where: {
    id: "05f61977-1f0d-4f0c-83a7-8bea768ce618"
  },
  data: {
    website: "dibona",
    ~~~~~~~
?   id?: String | StringFieldUpdateOperationsInput,
?   title?: String | StringFieldUpdateOperationsInput,
?   positionSummery?: String | StringFieldUpdateOperationsInput,
?   jobResponsibilities?: String | StringFieldUpdateOperationsInput,
?   qualification?: String | StringFieldUpdateOperationsInput,
?   requiredSkill?: String | StringFieldUpdateOperationsInput,
?   education?: String | StringFieldUpdateOperationsInput,
?   benefits?: String | StringFieldUpdateOperationsInput,
?   location?: String | StringFieldUpdateOperationsInput,
?   companyName?: String | StringFieldUpdateOperationsInput,
?   salary?: String | StringFieldUpdateOperationsInput,
?   vacancy?: Int | IntFieldUpdateOperationsInput,
?   jobCategory?: String | StringFieldUpdateOperationsInput,
?   deadline?: String | StringFieldUpdateOperationsInput,
?   type?: String | StringFieldUpdateOperationsInput,
?   createdAt?: DateTime | DateTimeFieldUpdateOperationsInput,
?   updatedAt?: DateTime | DateTimeFieldUpdateOperationsInput,
?   employee?: EmployeeUpdateOneRequiredWithoutJobNestedInput,
?   Application?: ApplicationUpdateManyWithoutJobNestedInput,
?   SavedJob?: SavedJobUpdateManyWithoutJobNestedInput
  }
}

Unknown argument `website`. Available options are listed in green.
Tue Aug 22 2023 20:13:3 } [PH] error: 🐱‍🏍 globalErrorHandler ~~ 
Invalid `prisma.job.update()` invocation:

{
  where: {
    id: "249c04b3-6569-472e-a270-62291a6e670e"
  },
  data: {
    website: "dibona",
    ~~~~~~~
?   id?: String | StringFieldUpdateOperationsInput,
?   title?: String | StringFieldUpdateOperationsInput,
?   positionSummery?: String | StringFieldUpdateOperationsInput,
?   jobResponsibilities?: String | StringFieldUpdateOperationsInput,
?   qualification?: String | StringFieldUpdateOperationsInput,
?   requiredSkill?: String | StringFieldUpdateOperationsInput,
?   education?: String | StringFieldUpdateOperationsInput,
?   benefits?: String | StringFieldUpdateOperationsInput,
?   location?: String | StringFieldUpdateOperationsInput,
?   companyName?: String | StringFieldUpdateOperationsInput,
?   salary?: String | StringFieldUpdateOperationsInput,
?   vacancy?: Int | IntFieldUpdateOperationsInput,
?   jobCategory?: String | StringFieldUpdateOperationsInput,
?   deadline?: String | StringFieldUpdateOperationsInput,
?   type?: String | StringFieldUpdateOperationsInput,
?   createdAt?: DateTime | DateTimeFieldUpdateOperationsInput,
?   updatedAt?: DateTime | DateTimeFieldUpdateOperationsInput,
?   employee?: EmployeeUpdateOneRequiredWithoutJobNestedInput,
?   Application?: ApplicationUpdateManyWithoutJobNestedInput,
?   SavedJob?: SavedJobUpdateManyWithoutJobNestedInput
  }
}

Unknown argument `website`. Available options are listed in green.
Tue Aug 22 2023 20:14:9 } [PH] error: 🐱‍🏍 globalErrorHandler ~~ 
Invalid `prisma.job.update()` invocation:

{
  where: {
    id: "249c04b3-6569-472e-a270-62291a6e670e"
  },
  data: {
    website: "dibona",
    ~~~~~~~
?   id?: String | StringFieldUpdateOperationsInput,
?   title?: String | StringFieldUpdateOperationsInput,
?   positionSummery?: String | StringFieldUpdateOperationsInput,
?   jobResponsibilities?: String | StringFieldUpdateOperationsInput,
?   qualification?: String | StringFieldUpdateOperationsInput,
?   requiredSkill?: String | StringFieldUpdateOperationsInput,
?   education?: String | StringFieldUpdateOperationsInput,
?   benefits?: String | StringFieldUpdateOperationsInput,
?   location?: String | StringFieldUpdateOperationsInput,
?   companyName?: String | StringFieldUpdateOperationsInput,
?   salary?: String | StringFieldUpdateOperationsInput,
?   vacancy?: Int | IntFieldUpdateOperationsInput,
?   jobCategory?: String | StringFieldUpdateOperationsInput,
?   deadline?: String | StringFieldUpdateOperationsInput,
?   type?: String | StringFieldUpdateOperationsInput,
?   createdAt?: DateTime | DateTimeFieldUpdateOperationsInput,
?   updatedAt?: DateTime | DateTimeFieldUpdateOperationsInput,
?   employee?: EmployeeUpdateOneRequiredWithoutJobNestedInput,
?   Application?: ApplicationUpdateManyWithoutJobNestedInput,
?   SavedJob?: SavedJobUpdateManyWithoutJobNestedInput
  }
}

Unknown argument `website`. Available options are listed in green.
Tue Aug 22 2023 20:14:31 } [PH] error: 🐱‍🏍 globalErrorHandler ~~ 
Invalid `prisma.job.updateMany()` invocation:

{
  where: {
    id: "249c04b3-6569-472e-a270-62291a6e670e"
  },
  data: {
    website: "dibona",
    ~~~~~~~
?   id?: String | StringFieldUpdateOperationsInput,
?   title?: String | StringFieldUpdateOperationsInput,
?   positionSummery?: String | StringFieldUpdateOperationsInput,
?   jobResponsibilities?: String | StringFieldUpdateOperationsInput,
?   qualification?: String | StringFieldUpdateOperationsInput,
?   requiredSkill?: String | StringFieldUpdateOperationsInput,
?   education?: String | StringFieldUpdateOperationsInput,
?   benefits?: String | StringFieldUpdateOperationsInput,
?   location?: String | StringFieldUpdateOperationsInput,
?   companyName?: String | StringFieldUpdateOperationsInput,
?   salary?: String | StringFieldUpdateOperationsInput,
?   vacancy?: Int | IntFieldUpdateOperationsInput,
?   jobCategory?: String | StringFieldUpdateOperationsInput,
?   deadline?: String | StringFieldUpdateOperationsInput,
?   type?: String | StringFieldUpdateOperationsInput,
?   createdAt?: DateTime | DateTimeFieldUpdateOperationsInput,
?   updatedAt?: DateTime | DateTimeFieldUpdateOperationsInput
  }
}

Unknown argument `website`. Available options are listed in green.
